mode: set
code/cmd/gendiff/main.go:18.18,32.59 1 1
code/cmd/gendiff/main.go:32.59,33.23 1 1
code/cmd/gendiff/main.go:33.23,35.5 1 0
code/cmd/gendiff/main.go:37.4,38.68 2 1
code/cmd/gendiff/main.go:38.68,40.5 1 0
code/cmd/gendiff/main.go:42.4,48.19 5 1
code/cmd/gendiff/main.go:48.19,50.5 1 0
code/cmd/gendiff/main.go:52.4,52.19 1 1
code/cmd/gendiff/main.go:52.19,54.5 1 0
code/cmd/gendiff/main.go:56.4,60.14 4 1
code/cmd/gendiff/main.go:64.2,64.47 1 1
code/cmd/gendiff/main.go:67.13,68.30 1 0
code/cmd/gendiff/main.go:68.30,70.3 1 0
code/formatters/formatters.go:5.48,6.16 1 1
code/formatters/formatters.go:7.17,8.35 1 1
code/formatters/formatters.go:9.14,10.29 1 1
code/formatters/formatters.go:11.10,12.42 1 1
code/formatters/printJSONDiff.go:9.30,10.26 1 1
code/formatters/printJSONDiff.go:11.17,16.21 2 1
code/formatters/printJSONDiff.go:17.27,18.35 1 1
code/formatters/printJSONDiff.go:19.29,20.35 1 1
code/formatters/printJSONDiff.go:21.29,23.35 2 1
code/formatters/printJSONDiff.go:24.31,25.32 1 0
code/formatters/printJSONDiff.go:28.3,28.16 1 1
code/formatters/printJSONDiff.go:30.22,32.29 2 1
code/formatters/printJSONDiff.go:32.29,34.4 1 1
code/formatters/printJSONDiff.go:36.3,36.16 1 1
code/formatters/printJSONDiff.go:38.10,39.14 1 1
code/formatters/printJSONDiff.go:43.37,47.2 3 1
code/formatters/printPlainDiff.go:12.36,13.22 1 1
code/formatters/printPlainDiff.go:14.14,15.36 1 1
code/formatters/printPlainDiff.go:16.11,17.16 1 0
code/formatters/printPlainDiff.go:18.29,19.27 1 0
code/formatters/printPlainDiff.go:20.10,21.34 1 0
code/formatters/printPlainDiff.go:25.53,26.26 1 1
code/formatters/printPlainDiff.go:27.17,29.21 2 1
code/formatters/printPlainDiff.go:30.27,32.83 2 1
code/formatters/printPlainDiff.go:33.29,34.60 1 1
code/formatters/printPlainDiff.go:35.29,38.101 3 1
code/formatters/printPlainDiff.go:39.11,40.43 1 1
code/formatters/printPlainDiff.go:42.22,48.30 4 1
code/formatters/printPlainDiff.go:48.30,52.18 3 1
code/formatters/printPlainDiff.go:52.18,53.13 1 1
code/formatters/printPlainDiff.go:56.4,58.27 2 1
code/formatters/printPlainDiff.go:58.27,60.5 1 1
code/formatters/printPlainDiff.go:63.3,63.26 1 1
code/formatters/printPlainDiff.go:64.10,65.12 1 1
code/formatters/printStylishDiff.go:12.50,13.28 1 1
code/formatters/printStylishDiff.go:13.28,14.18 1 1
code/formatters/printStylishDiff.go:14.18,16.4 1 1
code/formatters/printStylishDiff.go:18.3,18.33 1 1
code/formatters/printStylishDiff.go:21.2,23.62 2 1
code/formatters/printStylishDiff.go:23.62,27.30 3 1
code/formatters/printStylishDiff.go:27.30,29.4 1 1
code/formatters/printStylishDiff.go:31.3,33.16 2 1
code/formatters/printStylishDiff.go:33.16,35.4 1 0
code/formatters/printStylishDiff.go:37.3,37.73 1 1
code/formatters/printStylishDiff.go:40.2,42.26 2 1
code/formatters/printStylishDiff.go:43.22,47.28 4 1
code/formatters/printStylishDiff.go:47.28,50.15 2 1
code/formatters/printStylishDiff.go:50.15,52.13 2 1
code/formatters/printStylishDiff.go:55.4,55.22 1 1
code/formatters/printStylishDiff.go:56.32,57.45 1 1
code/formatters/printStylishDiff.go:58.28,59.45 1 1
code/formatters/printStylishDiff.go:60.30,61.45 1 1
code/formatters/printStylishDiff.go:62.30,64.45 2 1
code/formatters/printStylishDiff.go:68.3,69.29 2 1
code/formatters/printStylishDiff.go:70.13,71.18 1 0
code/formatters/printStylishDiff.go:71.18,73.4 1 0
code/formatters/printStylishDiff.go:73.9,75.27 2 0
code/formatters/printStylishDiff.go:75.27,77.5 1 0
code/formatters/printStylishDiff.go:78.4,79.30 2 0
code/formatters/printStylishDiff.go:84.2,84.25 1 1
code/gendiff.go:13.32,14.22 1 1
code/gendiff.go:15.15,16.15 1 1
code/gendiff.go:17.14,18.18 1 1
code/gendiff.go:19.12,20.16 1 1
code/gendiff.go:21.11,22.16 1 1
code/gendiff.go:23.22,24.15 1 1
code/gendiff.go:25.10,26.21 1 1
code/gendiff.go:30.29,34.50 3 1
code/gendiff.go:34.50,36.3 1 1
code/gendiff.go:38.2,38.20 1 1
code/gendiff.go:38.20,40.3 1 1
code/gendiff.go:42.2,42.15 1 1
code/gendiff.go:53.36,54.27 1 1
code/gendiff.go:55.11,56.20 1 1
code/gendiff.go:57.10,58.15 1 1
code/gendiff.go:62.59,64.32 2 1
code/gendiff.go:64.32,73.10 4 1
code/gendiff.go:73.10,77.12 3 1
code/gendiff.go:80.3,82.75 2 1
code/gendiff.go:82.75,87.12 4 1
code/gendiff.go:90.3,93.30 3 1
code/gendiff.go:93.30,95.4 1 1
code/gendiff.go:97.3,97.20 1 1
code/gendiff.go:100.2,100.32 1 1
code/gendiff.go:100.32,101.30 1 1
code/gendiff.go:101.30,106.4 1 1
code/gendiff.go:109.2,109.14 1 1
code/gendiff.go:113.47,119.2 4 1
code/gendiff.go:122.34,123.22 1 1
code/gendiff.go:124.46,125.14 1 1
code/gendiff.go:126.10,127.15 1 1
code/parsers/parsers.go:13.42,16.54 2 1
code/parsers/parsers.go:16.54,18.3 1 1
code/parsers/parsers.go:20.2,20.20 1 1
code/parsers/parsers.go:23.42,26.54 2 1
code/parsers/parsers.go:26.54,28.3 1 1
code/parsers/parsers.go:30.2,30.20 1 1
code/parsers/parsers.go:34.38,36.16 2 1
code/parsers/parsers.go:36.16,38.3 1 1
code/parsers/parsers.go:40.2,40.22 1 1
code/parsers/parsers.go:40.22,42.3 1 1
code/parsers/parsers.go:44.2,45.16 2 1
code/parsers/parsers.go:45.16,47.3 1 1
code/parsers/parsers.go:49.2,49.40 1 1
code/parsers/parsers.go:50.15,51.30 1 1
code/parsers/parsers.go:52.23,53.30 1 1
code/parsers/parsers.go:54.10,55.59 1 1
