mode: set
code/parsers/parsers.go:13.42,16.54 2 1
code/parsers/parsers.go:16.54,18.3 1 1
code/parsers/parsers.go:20.2,20.20 1 1
code/parsers/parsers.go:23.42,26.54 2 1
code/parsers/parsers.go:26.54,28.3 1 1
code/parsers/parsers.go:30.2,30.20 1 1
code/parsers/parsers.go:34.38,36.16 2 1
code/parsers/parsers.go:36.16,38.3 1 1
code/parsers/parsers.go:40.2,40.22 1 1
code/parsers/parsers.go:40.22,42.3 1 1
code/parsers/parsers.go:44.2,45.16 2 1
code/parsers/parsers.go:45.16,47.3 1 1
code/parsers/parsers.go:49.2,49.40 1 1
code/parsers/parsers.go:50.15,51.30 1 1
code/parsers/parsers.go:52.23,53.30 1 1
code/parsers/parsers.go:54.10,55.59 1 1
code/cmd/gendiff/main.go:16.18,30.59 1 1
code/cmd/gendiff/main.go:30.59,31.23 1 1
code/cmd/gendiff/main.go:31.23,33.5 1 0
code/cmd/gendiff/main.go:35.4,36.68 2 1
code/cmd/gendiff/main.go:36.68,38.5 1 0
code/cmd/gendiff/main.go:40.4,44.18 4 1
code/cmd/gendiff/main.go:44.18,46.5 1 0
code/cmd/gendiff/main.go:48.4,50.14 2 1
code/cmd/gendiff/main.go:54.2,54.47 1 1
code/cmd/gendiff/main.go:57.13,58.30 1 0
code/cmd/gendiff/main.go:58.30,60.3 1 0
code/gendiff.go:20.32,21.22 1 1
code/gendiff.go:22.15,23.15 1 1
code/gendiff.go:24.14,25.18 1 1
code/gendiff.go:26.12,27.16 1 1
code/gendiff.go:28.11,29.16 1 1
code/gendiff.go:30.22,31.15 1 1
code/gendiff.go:32.10,33.21 1 1
code/gendiff.go:37.29,41.50 3 1
code/gendiff.go:41.50,43.3 1 1
code/gendiff.go:45.2,45.20 1 1
code/gendiff.go:45.20,47.3 1 1
code/gendiff.go:49.2,49.15 1 1
code/gendiff.go:53.36,54.27 1 1
code/gendiff.go:55.11,56.20 1 1
code/gendiff.go:57.10,58.15 1 1
code/gendiff.go:63.34,64.22 1 1
code/gendiff.go:65.46,66.14 1 1
code/gendiff.go:67.10,68.15 1 1
code/gendiff.go:72.59,74.32 2 1
code/gendiff.go:74.32,83.10 4 1
code/gendiff.go:83.10,87.12 3 1
code/gendiff.go:90.3,92.75 2 1
code/gendiff.go:92.75,97.12 4 1
code/gendiff.go:100.3,103.30 3 1
code/gendiff.go:103.30,105.4 1 1
code/gendiff.go:107.3,107.20 1 1
code/gendiff.go:110.2,110.32 1 1
code/gendiff.go:110.32,111.30 1 1
code/gendiff.go:111.30,116.4 1 1
code/gendiff.go:119.2,119.14 1 1
code/gendiff.go:123.59,125.16 2 1
code/gendiff.go:125.16,127.3 1 0
code/gendiff.go:129.2,130.16 2 1
code/gendiff.go:130.16,132.3 1 0
code/gendiff.go:134.2,139.20 5 1
code/formatters/formatters.go:5.48,6.16 1 1
code/formatters/formatters.go:7.17,8.35 1 1
code/formatters/formatters.go:9.14,10.29 1 1
code/formatters/formatters.go:11.10,12.42 1 1
code/formatters/printJSONDiff.go:9.30,10.26 1 1
code/formatters/printJSONDiff.go:11.15,16.21 2 1
code/formatters/printJSONDiff.go:17.16,18.35 1 1
code/formatters/printJSONDiff.go:19.18,20.35 1 1
code/formatters/printJSONDiff.go:21.18,23.35 2 1
code/formatters/printJSONDiff.go:24.20,25.32 1 0
code/formatters/printJSONDiff.go:28.3,28.16 1 1
code/formatters/printJSONDiff.go:30.22,32.29 2 1
code/formatters/printJSONDiff.go:32.29,34.4 1 1
code/formatters/printJSONDiff.go:36.3,36.16 1 1
code/formatters/printJSONDiff.go:38.10,39.14 1 1
code/formatters/printJSONDiff.go:43.37,47.2 3 1
code/formatters/printPlainDiff.go:12.36,13.22 1 1
code/formatters/printPlainDiff.go:14.14,15.36 1 1
code/formatters/printPlainDiff.go:16.11,17.16 1 0
code/formatters/printPlainDiff.go:18.29,19.27 1 0
code/formatters/printPlainDiff.go:20.10,21.34 1 0
code/formatters/printPlainDiff.go:25.53,26.26 1 1
code/formatters/printPlainDiff.go:27.16,29.21 2 1
code/formatters/printPlainDiff.go:30.16,32.83 2 1
code/formatters/printPlainDiff.go:33.18,34.60 1 1
code/formatters/printPlainDiff.go:35.18,38.101 3 1
code/formatters/printPlainDiff.go:39.11,40.43 1 1
code/formatters/printPlainDiff.go:42.22,48.30 4 1
code/formatters/printPlainDiff.go:48.30,52.18 3 1
code/formatters/printPlainDiff.go:52.18,53.13 1 1
code/formatters/printPlainDiff.go:56.4,58.27 2 1
code/formatters/printPlainDiff.go:58.27,60.5 1 1
code/formatters/printPlainDiff.go:63.3,63.26 1 1
code/formatters/printPlainDiff.go:64.10,65.12 1 1
code/formatters/printStylishDiff.go:18.27,21.2 2 1
code/formatters/printStylishDiff.go:23.50,24.18 1 1
code/formatters/printStylishDiff.go:24.18,25.18 1 1
code/formatters/printStylishDiff.go:25.18,27.4 1 1
code/formatters/printStylishDiff.go:29.3,29.33 1 1
code/formatters/printStylishDiff.go:32.2,34.62 2 1
code/formatters/printStylishDiff.go:34.62,38.20 3 1
code/formatters/printStylishDiff.go:38.20,40.4 1 1
code/formatters/printStylishDiff.go:42.3,44.16 2 1
code/formatters/printStylishDiff.go:44.16,46.4 1 0
code/formatters/printStylishDiff.go:48.3,48.73 1 1
code/formatters/printStylishDiff.go:51.2,53.26 2 1
code/formatters/printStylishDiff.go:54.22,58.28 4 1
code/formatters/printStylishDiff.go:58.28,61.15 2 1
code/formatters/printStylishDiff.go:61.15,63.13 2 1
code/formatters/printStylishDiff.go:66.4,66.22 1 1
code/formatters/printStylishDiff.go:67.21,68.45 1 1
code/formatters/printStylishDiff.go:69.23,70.45 1 1
code/formatters/printStylishDiff.go:71.25,72.45 1 1
code/formatters/printStylishDiff.go:73.25,75.45 2 1
code/formatters/printStylishDiff.go:79.3,80.29 2 1
code/formatters/printStylishDiff.go:81.13,82.18 1 0
code/formatters/printStylishDiff.go:82.18,84.4 1 0
code/formatters/printStylishDiff.go:84.9,86.27 2 0
code/formatters/printStylishDiff.go:86.27,88.5 1 0
code/formatters/printStylishDiff.go:89.4,90.30 2 0
code/formatters/printStylishDiff.go:95.2,95.25 1 1
